<?xml version="1.0" encoding="UTF-8"?>
<!-- Generated by org.testng.reporters.JUnitXMLReporter -->
<testsuite ignored="0" hostname="RK" failures="0" tests="5" name="Test" time="133.374" errors="0" timestamp="2022-04-11T11:28:36 IST">
  <testcase classname="ramakrishna.End2EndProject_Realtime.AppTest" name="test" time="0.005"/>
  <testcase classname="ramakrishna.End2EndProject_Realtime.ValidateTitle" name="basePageNavigation" time="0.167"/>
  <testcase classname="ramakrishna.End2EndProject_Realtime.ValidateNavigationBar" name="basePageNavigation" time="0.205"/>
  <testcase classname="ramakrishna.End2EndProject_Realtime.HomePage" name="basePageNavigation" time="25.842"/>
  <testcase classname="ramakrishna.End2EndProject_Realtime.HomePage" name="basePageNavigation" time="18.643"/>
</testsuite> <!-- Test -->
