<?xml version="1.0" encoding="UTF-8"?>
<testng-results ignored="0" total="5" passed="5" failed="0" skipped="0">
  <reporter-output>
  </reporter-output>
  <suite started-at="2022-04-11T11:26:23 IST" name="Suite" finished-at="2022-04-11T11:28:36 IST" duration-ms="133374">
    <groups>
    </groups>
    <test started-at="2022-04-11T11:26:23 IST" name="Test" finished-at="2022-04-11T11:28:36 IST" duration-ms="133374">
      <class name="ramakrishna.End2EndProject_Realtime.HomePage">
        <test-method is-config="true" signature="initialization()[pri:0, instance:ramakrishna.End2EndProject_Realtime.HomePage@3fb6cf60]" started-at="2022-04-11T11:26:23 IST" name="initialization" finished-at="2022-04-11T11:26:50 IST" duration-ms="26881" status="PASS">
          <reporter-output>
          </reporter-output>
        </test-method> <!-- initialization -->
        <test-method signature="basePageNavigation(java.lang.String,java.lang.String)[pri:0, instance:ramakrishna.End2EndProject_Realtime.HomePage@3fb6cf60]" started-at="2022-04-11T11:27:51 IST" name="basePageNavigation" data-provider="getData" finished-at="2022-04-11T11:28:17 IST" duration-ms="25842" status="PASS">
          <params>
            <param index="0">
              <value>
                <![CDATA[krishna@gmail.com]]>
              </value>
            </param>
            <param index="1">
              <value>
                <![CDATA[12345678]]>
              </value>
            </param>
          </params>
          <reporter-output>
          </reporter-output>
        </test-method> <!-- basePageNavigation -->
        <test-method signature="basePageNavigation(java.lang.String,java.lang.String)[pri:0, instance:ramakrishna.End2EndProject_Realtime.HomePage@3fb6cf60]" started-at="2022-04-11T11:28:17 IST" name="basePageNavigation" data-provider="getData" finished-at="2022-04-11T11:28:36 IST" duration-ms="18643" status="PASS">
          <params>
            <param index="0">
              <value>
                <![CDATA[kittu@gmail.com]]>
              </value>
            </param>
            <param index="1">
              <value>
                <![CDATA[98765432]]>
              </value>
            </param>
          </params>
          <reporter-output>
          </reporter-output>
        </test-method> <!-- basePageNavigation -->
        <test-method is-config="true" signature="teardown()[pri:0, instance:ramakrishna.End2EndProject_Realtime.HomePage@3fb6cf60]" started-at="2022-04-11T11:28:36 IST" name="teardown" finished-at="2022-04-11T11:28:36 IST" duration-ms="206" status="PASS">
          <reporter-output>
          </reporter-output>
        </test-method> <!-- teardown -->
      </class> <!-- ramakrishna.End2EndProject_Realtime.HomePage -->
      <class name="ramakrishna.End2EndProject_Realtime.AppTest">
        <test-method signature="test()[pri:0, instance:ramakrishna.End2EndProject_Realtime.AppTest@6a84a97d]" started-at="2022-04-11T11:27:51 IST" name="test" finished-at="2022-04-11T11:27:51 IST" duration-ms="5" status="PASS">
          <reporter-output>
          </reporter-output>
        </test-method> <!-- test -->
      </class> <!-- ramakrishna.End2EndProject_Realtime.AppTest -->
      <class name="ramakrishna.End2EndProject_Realtime.ValidateNavigationBar">
        <test-method is-config="true" signature="initialization()[pri:0, instance:ramakrishna.End2EndProject_Realtime.ValidateNavigationBar@13e547a9]" started-at="2022-04-11T11:26:50 IST" name="initialization" finished-at="2022-04-11T11:27:25 IST" duration-ms="35438" status="PASS">
          <reporter-output>
          </reporter-output>
        </test-method> <!-- initialization -->
        <test-method signature="basePageNavigation()[pri:0, instance:ramakrishna.End2EndProject_Realtime.ValidateNavigationBar@13e547a9]" started-at="2022-04-11T11:27:51 IST" name="basePageNavigation" finished-at="2022-04-11T11:27:51 IST" duration-ms="205" status="PASS">
          <reporter-output>
          </reporter-output>
        </test-method> <!-- basePageNavigation -->
        <test-method is-config="true" signature="teardown()[pri:0, instance:ramakrishna.End2EndProject_Realtime.ValidateNavigationBar@13e547a9]" started-at="2022-04-11T11:28:36 IST" name="teardown" finished-at="2022-04-11T11:28:36 IST" duration-ms="233" status="PASS">
          <reporter-output>
          </reporter-output>
        </test-method> <!-- teardown -->
      </class> <!-- ramakrishna.End2EndProject_Realtime.ValidateNavigationBar -->
      <class name="ramakrishna.End2EndProject_Realtime.ValidateTitle">
        <test-method is-config="true" signature="initialization()[pri:0, instance:ramakrishna.End2EndProject_Realtime.ValidateTitle@58fb7731]" started-at="2022-04-11T11:27:25 IST" name="initialization" finished-at="2022-04-11T11:27:51 IST" duration-ms="25390" status="PASS">
          <reporter-output>
          </reporter-output>
        </test-method> <!-- initialization -->
        <test-method signature="basePageNavigation()[pri:0, instance:ramakrishna.End2EndProject_Realtime.ValidateTitle@58fb7731]" started-at="2022-04-11T11:27:51 IST" name="basePageNavigation" finished-at="2022-04-11T11:27:51 IST" duration-ms="167" status="PASS">
          <reporter-output>
          </reporter-output>
        </test-method> <!-- basePageNavigation -->
        <test-method is-config="true" signature="teardown()[pri:0, instance:ramakrishna.End2EndProject_Realtime.ValidateTitle@58fb7731]" started-at="2022-04-11T11:28:36 IST" name="teardown" finished-at="2022-04-11T11:28:36 IST" duration-ms="184" status="PASS">
          <reporter-output>
          </reporter-output>
        </test-method> <!-- teardown -->
      </class> <!-- ramakrishna.End2EndProject_Realtime.ValidateTitle -->
    </test> <!-- Test -->
  </suite> <!-- Suite -->
</testng-results>
